0 info it worked if it ends with ok
1 verbose cli [ '/Users/andrew/.nvm/versions/node/v7.7.1/bin/node',
1 verbose cli   '/Users/andrew/.nvm/versions/node/v7.7.1/bin/npm',
1 verbose cli   'run',
1 verbose cli   'build' ]
2 info using npm@4.1.2
3 info using node@v7.7.1
4 verbose run-script [ 'prebuild', 'build', 'postbuild' ]
5 info lifecycle ysg@1.0.0~prebuild: ysg@1.0.0
6 silly lifecycle ysg@1.0.0~prebuild: no script for prebuild, continuing
7 info lifecycle ysg@1.0.0~build: ysg@1.0.0
8 verbose lifecycle ysg@1.0.0~build: unsafe-perm in lifecycle true
9 verbose lifecycle ysg@1.0.0~build: PATH: /Users/andrew/.nvm/versions/node/v7.7.1/lib/node_modules/npm/bin/node-gyp-bin:/Users/andrew/Desktop/Projects/roulette/node_modules/.bin:/Users/andrew/.nvm/versions/node/v7.7.1/bin:/usr/bin:/bin:/usr/sbin:/sbin:/usr/local/bin
10 verbose lifecycle ysg@1.0.0~build: CWD: /Users/andrew/Desktop/Projects/roulette
11 silly lifecycle ysg@1.0.0~build: Args: [ '-c',
11 silly lifecycle   'gulp build && webpack -p --config webpack.config.js --progress --profile --colors' ]
12 silly lifecycle ysg@1.0.0~build: Returned: code: 2  signal: null
13 info lifecycle ysg@1.0.0~build: Failed to exec build script
14 verbose stack Error: ysg@1.0.0 build: `gulp build && webpack -p --config webpack.config.js --progress --profile --colors`
14 verbose stack Exit status 2
14 verbose stack     at EventEmitter.<anonymous> (/Users/andrew/.nvm/versions/node/v7.7.1/lib/node_modules/npm/lib/utils/lifecycle.js:279:16)
14 verbose stack     at emitTwo (events.js:106:13)
14 verbose stack     at EventEmitter.emit (events.js:194:7)
14 verbose stack     at ChildProcess.<anonymous> (/Users/andrew/.nvm/versions/node/v7.7.1/lib/node_modules/npm/lib/utils/spawn.js:40:14)
14 verbose stack     at emitTwo (events.js:106:13)
14 verbose stack     at ChildProcess.emit (events.js:194:7)
14 verbose stack     at maybeClose (internal/child_process.js:899:16)
14 verbose stack     at Process.ChildProcess._handle.onexit (internal/child_process.js:226:5)
15 verbose pkgid ysg@1.0.0
16 verbose cwd /Users/andrew/Desktop/Projects/roulette
17 error Darwin 13.4.0
18 error argv "/Users/andrew/.nvm/versions/node/v7.7.1/bin/node" "/Users/andrew/.nvm/versions/node/v7.7.1/bin/npm" "run" "build"
19 error node v7.7.1
20 error npm  v4.1.2
21 error code ELIFECYCLE
22 error ysg@1.0.0 build: `gulp build && webpack -p --config webpack.config.js --progress --profile --colors`
22 error Exit status 2
23 error Failed at the ysg@1.0.0 build script 'gulp build && webpack -p --config webpack.config.js --progress --profile --colors'.
23 error Make sure you have the latest version of node.js and npm installed.
23 error If you do, this is most likely a problem with the ysg package,
23 error not with npm itself.
23 error Tell the author that this fails on your system:
23 error     gulp build && webpack -p --config webpack.config.js --progress --profile --colors
23 error You can get information on how to open an issue for this project with:
23 error     npm bugs ysg
23 error Or if that isn't available, you can get their info via:
23 error     npm owner ls ysg
23 error There is likely additional logging output above.
24 verbose exit [ 1, true ]
